app/build/outputs/logs/manifest-merger-debug-report.txt
-- Merging decision tree log ---
manifest
ADDED from src\main\AndroidManifest.xml:2:1-68:12
	package
		ADDED from src\main\AndroidManifest.xml:3:5-50
		INJECTED from src\main\AndroidManifest.xml
		INJECTED from src\main\AndroidManifest.xml
	android:versionName
		ADDED from src\main\AndroidManifest.xml:5:5-36
		INJECTED from src\main\AndroidManifest.xml
		INJECTED from src\main\AndroidManifest.xml
	android:versionCode
		ADDED from src\main\AndroidManifest.xml:4:5-29
		INJECTED from src\main\AndroidManifest.xml
		INJECTED from src\main\AndroidManifest.xml
	xmlns:android
		ADDED from src\main\AndroidManifest.xml:2:11-69
uses-sdk
ADDED from src\main\AndroidManifest.xml:7:5-44
	android:targetSdkVersion
		INJECTED from src\main\AndroidManifest.xml
		INJECTED from src\main\AndroidManifest.xml
	android:minSdkVersion
		ADDED from src\main\AndroidManifest.xml:7:15-41
		INJECTED from src\main\AndroidManifest.xml
		INJECTED from src\main\AndroidManifest.xml
uses-permission#android.permission.INTERNET
ADDED from src\main\AndroidManifest.xml:9:5-10:23
	android:name
		ADDED from src\main\AndroidManifest.xml:9:22-64
uses-permission#android.permission.ACCESS_NETWORK_STATE
ADDED from src\main\AndroidManifest.xml:11:5-12:23
	android:name
		ADDED from src\main\AndroidManifest.xml:11:22-76
uses-permission#android.permission.ACCESS_WIFI_STATE
ADDED from src\main\AndroidManifest.xml:13:5-14:23
	android:name
		ADDED from src\main\AndroidManifest.xml:13:22-73
uses-permission#android.permission.CHANGE_WIFI_STATE
ADDED from src\main\AndroidManifest.xml:15:5-16:23
	android:name
		ADDED from src\main\AndroidManifest.xml:15:22-73
uses-permission#android.permission.READ_PHONE_STATE
ADDED from src\main\AndroidManifest.xml:17:5-18:23
	android:name
		ADDED from src\main\AndroidManifest.xml:17:22-72
uses-permission#android.permission.VIBRATE
ADDED from src\main\AndroidManifest.xml:19:5-20:23
	android:name
		ADDED from src\main\AndroidManifest.xml:19:22-63
uses-permission#android.permission.WRITE_EXTERNAL_STORAGE
ADDED from src\main\AndroidManifest.xml:21:5-22:23
	android:name
		ADDED from src\main\AndroidManifest.xml:21:22-78
application
ADDED from src\main\AndroidManifest.xml:24:5-66:19
	android:label
		ADDED from src\main\AndroidManifest.xml:27:9-41
	android:allowBackup
		ADDED from src\main\AndroidManifest.xml:25:9-35
	android:icon
		ADDED from src\main\AndroidManifest.xml:26:9-45
activity#com.pfinders.android.SigCapture.KEY.SigCaptureActivity
ADDED from src\main\AndroidManifest.xml:28:9-39:20
	android:screenOrientation
		ADDED from src\main\AndroidManifest.xml:32:13-50
	android:label
		ADDED from src\main\AndroidManifest.xml:31:13-45
	android:configChanges
		ADDED from src\main\AndroidManifest.xml:30:13-63
	android:uiOptions
		ADDED from src\main\AndroidManifest.xml:33:13-57
	android:name
		ADDED from src\main\AndroidManifest.xml:29:13-47
intent-filter#android.intent.action.MAIN+android.intent.category.LAUNCHER
ADDED from src\main\AndroidManifest.xml:34:13-38:29
action#android.intent.action.MAIN
ADDED from src\main\AndroidManifest.xml:35:17-69
	android:name
		ADDED from src\main\AndroidManifest.xml:35:25-66
category#android.intent.category.LAUNCHER
ADDED from src\main\AndroidManifest.xml:37:17-77
	android:name
		ADDED from src\main\AndroidManifest.xml:37:27-74
activity#com.pfinders.android.SigCapture.KEY.Preferences
ADDED from src\main\AndroidManifest.xml:40:9-44:20
	android:screenOrientation
		ADDED from src\main\AndroidManifest.xml:43:13-50
	android:label
		ADDED from src\main\AndroidManifest.xml:42:13-52
	android:name
		ADDED from src\main\AndroidManifest.xml:41:13-40
activity#com.pfinders.android.SigCapture.KEY.ShowInfo
ADDED from src\main\AndroidManifest.xml:45:9-49:20
	android:screenOrientation
		ADDED from src\main\AndroidManifest.xml:48:13-50
	android:label
		ADDED from src\main\AndroidManifest.xml:47:13-46
	android:name
		ADDED from src\main\AndroidManifest.xml:46:13-37
activity#com.pfinders.android.SigCapture.KEY.Signature
ADDED from src\main\AndroidManifest.xml:50:9-54:20
	android:screenOrientation
		ADDED from src\main\AndroidManifest.xml:53:13-50
	android:label
		ADDED from src\main\AndroidManifest.xml:52:13-46
	android:name
		ADDED from src\main\AndroidManifest.xml:51:13-38
activity#com.pfinders.android.SigCapture.KEY.extraFields
ADDED from src\main\AndroidManifest.xml:55:9-59:20
	android:screenOrientation
		ADDED from src\main\AndroidManifest.xml:58:13-50
	android:label
		ADDED from src\main\AndroidManifest.xml:57:13-48
	android:name
		ADDED from src\main\AndroidManifest.xml:56:13-40
activity#com.pfinders.android.SigCapture.KEY.LoginActivity
ADDED from src\main\AndroidManifest.xml:60:9-65:20
	android:screenOrientation
		ADDED from src\main\AndroidManifest.xml:63:13-50
	android:label
		ADDED from src\main\AndroidManifest.xml:62:13-45
	android:uiOptions
		ADDED from src\main\AndroidManifest.xml:64:13-57
	android:name
		ADDED from src\main\AndroidManifest.xml:61:13-42